1681202267040|9|statement|connection 0|url jdbc:p6spy:oracle:thin:@localhost:1521:XE|     drop table member cascade constraints|     drop table member cascade constraints
1681202267053|6|statement|connection 0|url jdbc:p6spy:oracle:thin:@localhost:1521:XE|     drop sequence hibernate_sequence|     drop sequence hibernate_sequence
1681202267060|4|statement|connection 0|url jdbc:p6spy:oracle:thin:@localhost:1521:XE|create sequence hibernate_sequence start with 1 increment by 1|create sequence hibernate_sequence start with 1 increment by 1
1681202267097|34|statement|connection 0|url jdbc:p6spy:oracle:thin:@localhost:1521:XE|     create table member (        id number(19,0) not null,         member_age number(10,0) not null,         member_email varchar2(255),         member_name varchar2(255),         member_password varchar2(255),         primary key (id)     )|     create table member (        id number(19,0) not null,         member_age number(10,0) not null,         member_email varchar2(255),         member_name varchar2(255),         member_password varchar2(255),         primary key (id)     )
1681202267108|10|statement|connection 0|url jdbc:p6spy:oracle:thin:@localhost:1521:XE|     alter table member         add constraint UK_3orqjaukiw2b73e2gw8rer4rq unique (member_email)|     alter table member         add constraint UK_3orqjaukiw2b73e2gw8rer4rq unique (member_email)
1681202302621|21|statement|connection 0|url jdbc:p6spy:oracle:thin:@localhost:1521:XE|     drop table member cascade constraints|     drop table member cascade constraints
1681202302623|2|statement|connection 0|url jdbc:p6spy:oracle:thin:@localhost:1521:XE|     drop sequence hibernate_sequence|     drop sequence hibernate_sequence
1681202302627|1|statement|connection 0|url jdbc:p6spy:oracle:thin:@localhost:1521:XE|create sequence hibernate_sequence start with 1 increment by 1|create sequence hibernate_sequence start with 1 increment by 1
1681202302652|23|statement|connection 0|url jdbc:p6spy:oracle:thin:@localhost:1521:XE|     create table member (        id number(19,0) not null,         member_age number(10,0) not null,         member_email varchar2(255),         member_name varchar2(255),         member_password varchar2(255),         primary key (id)     )|     create table member (        id number(19,0) not null,         member_age number(10,0) not null,         member_email varchar2(255),         member_name varchar2(255),         member_password varchar2(255),         primary key (id)     )
1681202302660|7|statement|connection 0|url jdbc:p6spy:oracle:thin:@localhost:1521:XE|     alter table member         add constraint UK_3orqjaukiw2b73e2gw8rer4rq unique (member_email)|     alter table member         add constraint UK_3orqjaukiw2b73e2gw8rer4rq unique (member_email)
1681283585314|19|statement|connection 0|url jdbc:p6spy:oracle:thin:@localhost:1521:XE|select * from all_sequences|select * from all_sequences
1681283585854|18|statement|connection 0|url jdbc:p6spy:oracle:thin:@localhost:1521:XE|     alter table member         add member_type number(10,0)|     alter table member         add member_type number(10,0)
1681283689500|8|statement|connection 0|url jdbc:p6spy:oracle:thin:@localhost:1521:XE|select * from all_sequences|select * from all_sequences
1681283739055|19|statement|connection 0|url jdbc:p6spy:oracle:thin:@localhost:1521:XE|     drop table member cascade constraints|     drop table member cascade constraints
1681283739059|2|statement|connection 0|url jdbc:p6spy:oracle:thin:@localhost:1521:XE|     drop sequence hibernate_sequence|     drop sequence hibernate_sequence
1681283739063|1|statement|connection 0|url jdbc:p6spy:oracle:thin:@localhost:1521:XE|create sequence hibernate_sequence start with 1 increment by 1|create sequence hibernate_sequence start with 1 increment by 1
1681283739079|14|statement|connection 0|url jdbc:p6spy:oracle:thin:@localhost:1521:XE|     create table member (        id number(19,0) not null,         member_age number(10,0) not null,         member_email varchar2(255),         member_name varchar2(255),         member_password varchar2(255),         member_type varchar2(255),         primary key (id)     )|     create table member (        id number(19,0) not null,         member_age number(10,0) not null,         member_email varchar2(255),         member_name varchar2(255),         member_password varchar2(255),         member_type varchar2(255),         primary key (id)     )
1681283739094|14|statement|connection 0|url jdbc:p6spy:oracle:thin:@localhost:1521:XE|     alter table member         add constraint UK_3orqjaukiw2b73e2gw8rer4rq unique (member_email)|     alter table member         add constraint UK_3orqjaukiw2b73e2gw8rer4rq unique (member_email)
1681283978850|4|statement|connection 0|url jdbc:p6spy:oracle:thin:@localhost:1521:XE|     drop table tbl_member cascade constraints|     drop table tbl_member cascade constraints
1681283978860|2|statement|connection 0|url jdbc:p6spy:oracle:thin:@localhost:1521:XE|     drop sequence hibernate_sequence|     drop sequence hibernate_sequence
1681283978864|1|statement|connection 0|url jdbc:p6spy:oracle:thin:@localhost:1521:XE|create sequence hibernate_sequence start with 1 increment by 1|create sequence hibernate_sequence start with 1 increment by 1
1681283978880|13|statement|connection 0|url jdbc:p6spy:oracle:thin:@localhost:1521:XE|     create table tbl_member (        id number(19,0) not null,         member_age number(10,0) not null,         member_email varchar2(255),         member_name varchar2(255),         member_password varchar2(255),         member_type varchar2(255),         primary key (id)     )|     create table tbl_member (        id number(19,0) not null,         member_age number(10,0) not null,         member_email varchar2(255),         member_name varchar2(255),         member_password varchar2(255),         member_type varchar2(255),         primary key (id)     )
1681283978887|6|statement|connection 0|url jdbc:p6spy:oracle:thin:@localhost:1521:XE|     alter table tbl_member         add constraint UK_s35vtuk3bgund1wqi78odjvfm unique (member_email)|     alter table tbl_member         add constraint UK_s35vtuk3bgund1wqi78odjvfm unique (member_email)
1681284024805|15|statement|connection 0|url jdbc:p6spy:oracle:thin:@localhost:1521:XE|     drop table tbl_member cascade constraints|     drop table tbl_member cascade constraints
1681284024808|1|statement|connection 0|url jdbc:p6spy:oracle:thin:@localhost:1521:XE|     drop sequence hibernate_sequence|     drop sequence hibernate_sequence
1681284024812|1|statement|connection 0|url jdbc:p6spy:oracle:thin:@localhost:1521:XE|create sequence hibernate_sequence start with 1 increment by 1|create sequence hibernate_sequence start with 1 increment by 1
1681284024827|13|statement|connection 0|url jdbc:p6spy:oracle:thin:@localhost:1521:XE|     create table tbl_member (        id number(19,0) not null,         member_age number(10,0) not null,         member_email varchar2(255),         member_name varchar2(255),         member_password varchar2(255),         member_type varchar2(255),         primary key (id)     )|     create table tbl_member (        id number(19,0) not null,         member_age number(10,0) not null,         member_email varchar2(255),         member_name varchar2(255),         member_password varchar2(255),         member_type varchar2(255),         primary key (id)     )
1681284024833|5|statement|connection 0|url jdbc:p6spy:oracle:thin:@localhost:1521:XE|     alter table tbl_member         add constraint UK_s35vtuk3bgund1wqi78odjvfm unique (member_email)|     alter table tbl_member         add constraint UK_s35vtuk3bgund1wqi78odjvfm unique (member_email)
1681284171545|8|statement|connection 0|url jdbc:p6spy:oracle:thin:@localhost:1521:XE|select * from all_sequences|select * from all_sequences
1681284225466|7|statement|connection 0|url jdbc:p6spy:oracle:thin:@localhost:1521:XE|select * from all_sequences|select * from all_sequences
1681284225566|18|statement|connection 0|url jdbc:p6spy:oracle:thin:@localhost:1521:XE|     alter table tbl_member         add member_age2 number(10,0) not null|     alter table tbl_member         add member_age2 number(10,0) not null
1681284265260|20|statement|connection 0|url jdbc:p6spy:oracle:thin:@localhost:1521:XE|     drop table tbl_member cascade constraints|     drop table tbl_member cascade constraints
1681284265262|1|statement|connection 0|url jdbc:p6spy:oracle:thin:@localhost:1521:XE|     drop sequence hibernate_sequence|     drop sequence hibernate_sequence
1681284265266|1|statement|connection 0|url jdbc:p6spy:oracle:thin:@localhost:1521:XE|create sequence hibernate_sequence start with 1 increment by 1|create sequence hibernate_sequence start with 1 increment by 1
1681284265281|13|statement|connection 0|url jdbc:p6spy:oracle:thin:@localhost:1521:XE|     create table tbl_member (        id number(19,0) not null,         member_age number(10,0) not null,         member_email varchar2(255),         member_name varchar2(255),         member_password varchar2(255),         member_type varchar2(255),         primary key (id)     )|     create table tbl_member (        id number(19,0) not null,         member_age number(10,0) not null,         member_email varchar2(255),         member_name varchar2(255),         member_password varchar2(255),         member_type varchar2(255),         primary key (id)     )
1681284265286|5|statement|connection 0|url jdbc:p6spy:oracle:thin:@localhost:1521:XE|     alter table tbl_member         add constraint UK_s35vtuk3bgund1wqi78odjvfm unique (member_email)|     alter table tbl_member         add constraint UK_s35vtuk3bgund1wqi78odjvfm unique (member_email)
1681284390721|26|statement|connection 0|url jdbc:p6spy:oracle:thin:@localhost:1521:XE|     drop table tbl_member cascade constraints|     drop table tbl_member cascade constraints
1681284390726|3|statement|connection 0|url jdbc:p6spy:oracle:thin:@localhost:1521:XE|     drop sequence hibernate_sequence|     drop sequence hibernate_sequence
1681284390735|2|statement|connection 0|url jdbc:p6spy:oracle:thin:@localhost:1521:XE|create sequence hibernate_sequence start with 1 increment by 1|create sequence hibernate_sequence start with 1 increment by 1
1681284390764|27|statement|connection 0|url jdbc:p6spy:oracle:thin:@localhost:1521:XE|     create table tbl_member (        id number(19,0) not null,         member_age number(10,0) not null,         member_email varchar2(255),         member_name varchar2(255),         member_password varchar2(255),         member_type varchar2(255),         primary key (id)     )|     create table tbl_member (        id number(19,0) not null,         member_age number(10,0) not null,         member_email varchar2(255),         member_name varchar2(255),         member_password varchar2(255),         member_type varchar2(255),         primary key (id)     )
1681284390769|4|statement|connection 0|url jdbc:p6spy:oracle:thin:@localhost:1521:XE|     alter table tbl_member         add constraint UK_s35vtuk3bgund1wqi78odjvfm unique (member_email)|     alter table tbl_member         add constraint UK_s35vtuk3bgund1wqi78odjvfm unique (member_email)
1681284609562|48|statement|connection 0|url jdbc:p6spy:oracle:thin:@localhost:1521:XE|     drop table tbl_member cascade constraints|     drop table tbl_member cascade constraints
1681284609565|1|statement|connection 0|url jdbc:p6spy:oracle:thin:@localhost:1521:XE|     drop sequence hibernate_sequence|     drop sequence hibernate_sequence
1681284609569|1|statement|connection 0|url jdbc:p6spy:oracle:thin:@localhost:1521:XE|create sequence hibernate_sequence start with 1 increment by 1|create sequence hibernate_sequence start with 1 increment by 1
1681284609598|24|statement|connection 0|url jdbc:p6spy:oracle:thin:@localhost:1521:XE|     create table tbl_member (        id number(19,0) not null,         member_age number(10,0) not null,         member_email varchar2(255),         member_name varchar2(255),         member_password varchar2(255),         member_type varchar2(255),         primary key (id)     )|     create table tbl_member (        id number(19,0) not null,         member_age number(10,0) not null,         member_email varchar2(255),         member_name varchar2(255),         member_password varchar2(255),         member_type varchar2(255),         primary key (id)     )
1681284609606|7|statement|connection 0|url jdbc:p6spy:oracle:thin:@localhost:1521:XE|     alter table tbl_member         add constraint UK_s35vtuk3bgund1wqi78odjvfm unique (member_email)|     alter table tbl_member         add constraint UK_s35vtuk3bgund1wqi78odjvfm unique (member_email)
1681284703081|23|statement|connection 0|url jdbc:p6spy:oracle:thin:@localhost:1521:XE|     drop table tbl_member cascade constraints|     drop table tbl_member cascade constraints
1681284703086|3|statement|connection 0|url jdbc:p6spy:oracle:thin:@localhost:1521:XE|     drop sequence hibernate_sequence|     drop sequence hibernate_sequence
1681284703105|15|statement|connection 0|url jdbc:p6spy:oracle:thin:@localhost:1521:XE|create sequence hibernate_sequence start with 1 increment by 1|create sequence hibernate_sequence start with 1 increment by 1
1681284703135|24|statement|connection 0|url jdbc:p6spy:oracle:thin:@localhost:1521:XE|     create table tbl_member (        id number(19,0) not null,         member_age number(10,0) not null,         member_email varchar2(255),         member_name varchar2(255),         member_password varchar2(255),         member_type varchar2(255),         primary key (id)     )|     create table tbl_member (        id number(19,0) not null,         member_age number(10,0) not null,         member_email varchar2(255),         member_name varchar2(255),         member_password varchar2(255),         member_type varchar2(255),         primary key (id)     )
1681284703151|15|statement|connection 0|url jdbc:p6spy:oracle:thin:@localhost:1521:XE|     alter table tbl_member         add constraint UK_s35vtuk3bgund1wqi78odjvfm unique (member_email)|     alter table tbl_member         add constraint UK_s35vtuk3bgund1wqi78odjvfm unique (member_email)
